<?xml version="1.0" encoding="UTF-8"?>
<!-- Generated by org.testng.reporters.JUnitReportReporter -->
<testsuite hostname="NBAOTUAN-PC" name="Articles.TM_JOOMLA_ARTICLE_003" tests="3" failures="0" timestamp="1 Jan 2016 15:45:23 GMT" time="142.352" errors="0">
  <testcase name="TC_JOOMLA_ARTICLE_010" time="47.306" classname="Articles.TM_JOOMLA_ARTICLE_003"/>
  <testcase name="TC_JOOMLA_ARTICLE_09" time="63.841" classname="Articles.TM_JOOMLA_ARTICLE_003"/>
  <testcase name="TC_JOOMLA_ARTICLE_016" time="31.205" classname="Articles.TM_JOOMLA_ARTICLE_003"/>
</testsuite> <!-- Articles.TM_JOOMLA_ARTICLE_003 -->
